0 info it worked if it ends with ok
1 verbose cli [ '/Users/scott/.nvm/versions/node/v6.10.2/bin/node',
1 verbose cli   '/Users/scott/.nvm/versions/node/v6.10.2/bin/npm',
1 verbose cli   'update' ]
2 info using npm@3.10.10
3 info using node@v6.10.2
4 silly mapToRegistry name body-parser
5 silly mapToRegistry using default registry
6 silly mapToRegistry registry https://registry.npm.taobao.org/
7 silly mapToRegistry data Result {
7 silly mapToRegistry   raw: 'body-parser',
7 silly mapToRegistry   scope: null,
7 silly mapToRegistry   escapedName: 'body-parser',
7 silly mapToRegistry   name: 'body-parser',
7 silly mapToRegistry   rawSpec: '',
7 silly mapToRegistry   spec: 'latest',
7 silly mapToRegistry   type: 'tag' }
8 silly mapToRegistry uri https://registry.npm.taobao.org/body-parser
9 silly mapToRegistry name browser-sync
10 silly mapToRegistry using default registry
11 silly mapToRegistry registry https://registry.npm.taobao.org/
12 silly mapToRegistry data Result {
12 silly mapToRegistry   raw: 'browser-sync',
12 silly mapToRegistry   scope: null,
12 silly mapToRegistry   escapedName: 'browser-sync',
12 silly mapToRegistry   name: 'browser-sync',
12 silly mapToRegistry   rawSpec: '',
12 silly mapToRegistry   spec: 'latest',
12 silly mapToRegistry   type: 'tag' }
13 silly mapToRegistry uri https://registry.npm.taobao.org/browser-sync
14 silly mapToRegistry name cookie-parser
15 silly mapToRegistry using default registry
16 silly mapToRegistry registry https://registry.npm.taobao.org/
17 silly mapToRegistry data Result {
17 silly mapToRegistry   raw: 'cookie-parser',
17 silly mapToRegistry   scope: null,
17 silly mapToRegistry   escapedName: 'cookie-parser',
17 silly mapToRegistry   name: 'cookie-parser',
17 silly mapToRegistry   rawSpec: '',
17 silly mapToRegistry   spec: 'latest',
17 silly mapToRegistry   type: 'tag' }
18 silly mapToRegistry uri https://registry.npm.taobao.org/cookie-parser
19 silly mapToRegistry name debug
20 silly mapToRegistry using default registry
21 silly mapToRegistry registry https://registry.npm.taobao.org/
22 silly mapToRegistry data Result {
22 silly mapToRegistry   raw: 'debug',
22 silly mapToRegistry   scope: null,
22 silly mapToRegistry   escapedName: 'debug',
22 silly mapToRegistry   name: 'debug',
22 silly mapToRegistry   rawSpec: '',
22 silly mapToRegistry   spec: 'latest',
22 silly mapToRegistry   type: 'tag' }
23 silly mapToRegistry uri https://registry.npm.taobao.org/debug
24 silly mapToRegistry name express
25 silly mapToRegistry using default registry
26 silly mapToRegistry registry https://registry.npm.taobao.org/
27 silly mapToRegistry data Result {
27 silly mapToRegistry   raw: 'express',
27 silly mapToRegistry   scope: null,
27 silly mapToRegistry   escapedName: 'express',
27 silly mapToRegistry   name: 'express',
27 silly mapToRegistry   rawSpec: '',
27 silly mapToRegistry   spec: 'latest',
27 silly mapToRegistry   type: 'tag' }
28 silly mapToRegistry uri https://registry.npm.taobao.org/express
29 silly mapToRegistry name fs
30 silly mapToRegistry using default registry
31 silly mapToRegistry registry https://registry.npm.taobao.org/
32 silly mapToRegistry data Result {
32 silly mapToRegistry   raw: 'fs',
32 silly mapToRegistry   scope: null,
32 silly mapToRegistry   escapedName: 'fs',
32 silly mapToRegistry   name: 'fs',
32 silly mapToRegistry   rawSpec: '',
32 silly mapToRegistry   spec: 'latest',
32 silly mapToRegistry   type: 'tag' }
33 silly mapToRegistry uri https://registry.npm.taobao.org/fs
34 silly mapToRegistry name gulp
35 silly mapToRegistry using default registry
36 silly mapToRegistry registry https://registry.npm.taobao.org/
37 silly mapToRegistry data Result {
37 silly mapToRegistry   raw: 'gulp',
37 silly mapToRegistry   scope: null,
37 silly mapToRegistry   escapedName: 'gulp',
37 silly mapToRegistry   name: 'gulp',
37 silly mapToRegistry   rawSpec: '',
37 silly mapToRegistry   spec: 'latest',
37 silly mapToRegistry   type: 'tag' }
38 silly mapToRegistry uri https://registry.npm.taobao.org/gulp
39 silly mapToRegistry name gulp-nodemon
40 silly mapToRegistry using default registry
41 silly mapToRegistry registry https://registry.npm.taobao.org/
42 silly mapToRegistry data Result {
42 silly mapToRegistry   raw: 'gulp-nodemon',
42 silly mapToRegistry   scope: null,
42 silly mapToRegistry   escapedName: 'gulp-nodemon',
42 silly mapToRegistry   name: 'gulp-nodemon',
42 silly mapToRegistry   rawSpec: '',
42 silly mapToRegistry   spec: 'latest',
42 silly mapToRegistry   type: 'tag' }
43 silly mapToRegistry uri https://registry.npm.taobao.org/gulp-nodemon
44 silly mapToRegistry name gulp-sass
45 silly mapToRegistry using default registry
46 silly mapToRegistry registry https://registry.npm.taobao.org/
47 silly mapToRegistry data Result {
47 silly mapToRegistry   raw: 'gulp-sass',
47 silly mapToRegistry   scope: null,
47 silly mapToRegistry   escapedName: 'gulp-sass',
47 silly mapToRegistry   name: 'gulp-sass',
47 silly mapToRegistry   rawSpec: '',
47 silly mapToRegistry   spec: 'latest',
47 silly mapToRegistry   type: 'tag' }
48 silly mapToRegistry uri https://registry.npm.taobao.org/gulp-sass
49 silly mapToRegistry name jade
50 silly mapToRegistry using default registry
51 silly mapToRegistry registry https://registry.npm.taobao.org/
52 silly mapToRegistry data Result {
52 silly mapToRegistry   raw: 'jade',
52 silly mapToRegistry   scope: null,
52 silly mapToRegistry   escapedName: 'jade',
52 silly mapToRegistry   name: 'jade',
52 silly mapToRegistry   rawSpec: '',
52 silly mapToRegistry   spec: 'latest',
52 silly mapToRegistry   type: 'tag' }
53 silly mapToRegistry uri https://registry.npm.taobao.org/jade
54 silly mapToRegistry name mongodb
55 silly mapToRegistry using default registry
56 silly mapToRegistry registry https://registry.npm.taobao.org/
57 silly mapToRegistry data Result {
57 silly mapToRegistry   raw: 'mongodb',
57 silly mapToRegistry   scope: null,
57 silly mapToRegistry   escapedName: 'mongodb',
57 silly mapToRegistry   name: 'mongodb',
57 silly mapToRegistry   rawSpec: '',
57 silly mapToRegistry   spec: 'latest',
57 silly mapToRegistry   type: 'tag' }
58 silly mapToRegistry uri https://registry.npm.taobao.org/mongodb
59 silly mapToRegistry name mongoose
60 silly mapToRegistry using default registry
61 silly mapToRegistry registry https://registry.npm.taobao.org/
62 silly mapToRegistry data Result {
62 silly mapToRegistry   raw: 'mongoose',
62 silly mapToRegistry   scope: null,
62 silly mapToRegistry   escapedName: 'mongoose',
62 silly mapToRegistry   name: 'mongoose',
62 silly mapToRegistry   rawSpec: '',
62 silly mapToRegistry   spec: 'latest',
62 silly mapToRegistry   type: 'tag' }
63 silly mapToRegistry uri https://registry.npm.taobao.org/mongoose
64 silly mapToRegistry name morgan
65 silly mapToRegistry using default registry
66 silly mapToRegistry registry https://registry.npm.taobao.org/
67 silly mapToRegistry data Result {
67 silly mapToRegistry   raw: 'morgan',
67 silly mapToRegistry   scope: null,
67 silly mapToRegistry   escapedName: 'morgan',
67 silly mapToRegistry   name: 'morgan',
67 silly mapToRegistry   rawSpec: '',
67 silly mapToRegistry   spec: 'latest',
67 silly mapToRegistry   type: 'tag' }
68 silly mapToRegistry uri https://registry.npm.taobao.org/morgan
69 silly mapToRegistry name serve-favicon
70 silly mapToRegistry using default registry
71 silly mapToRegistry registry https://registry.npm.taobao.org/
72 silly mapToRegistry data Result {
72 silly mapToRegistry   raw: 'serve-favicon',
72 silly mapToRegistry   scope: null,
72 silly mapToRegistry   escapedName: 'serve-favicon',
72 silly mapToRegistry   name: 'serve-favicon',
72 silly mapToRegistry   rawSpec: '',
72 silly mapToRegistry   spec: 'latest',
72 silly mapToRegistry   type: 'tag' }
73 silly mapToRegistry uri https://registry.npm.taobao.org/serve-favicon
74 silly mapToRegistry name serve-static
75 silly mapToRegistry using default registry
76 silly mapToRegistry registry https://registry.npm.taobao.org/
77 silly mapToRegistry data Result {
77 silly mapToRegistry   raw: 'serve-static',
77 silly mapToRegistry   scope: null,
77 silly mapToRegistry   escapedName: 'serve-static',
77 silly mapToRegistry   name: 'serve-static',
77 silly mapToRegistry   rawSpec: '',
77 silly mapToRegistry   spec: 'latest',
77 silly mapToRegistry   type: 'tag' }
78 silly mapToRegistry uri https://registry.npm.taobao.org/serve-static
79 verbose request uri https://registry.npm.taobao.org/cookie-parser
80 verbose request no auth needed
81 info attempt registry request try #1 at 11:08:23 PM
82 verbose request id 7cdd010afdc21a3f
83 verbose etag "72f2-NtsT2RBVLIEgiOPUl3554s8RggA"
84 http request GET https://registry.npm.taobao.org/cookie-parser
85 verbose request uri https://registry.npm.taobao.org/debug
86 verbose request no auth needed
87 info attempt registry request try #1 at 11:08:23 PM
88 verbose etag "1bf76-6yoiNBd+TkoMIeeBEp9ZCMjOR6Q"
89 http request GET https://registry.npm.taobao.org/debug
90 verbose request uri https://registry.npm.taobao.org/body-parser
91 verbose request no auth needed
92 info attempt registry request try #1 at 11:08:23 PM
93 verbose etag "21ba2-maAFMBhEYq9h71JfFqyBe09xjXM"
94 http request GET https://registry.npm.taobao.org/body-parser
95 verbose request uri https://registry.npm.taobao.org/gulp-nodemon
96 verbose request no auth needed
97 info attempt registry request try #1 at 11:08:23 PM
98 verbose etag "9e78-UXOJx4FD1+9Ar8Zqc1v1qGkbV9Y"
99 http request GET https://registry.npm.taobao.org/gulp-nodemon
100 verbose request uri https://registry.npm.taobao.org/fs
101 verbose request no auth needed
102 info attempt registry request try #1 at 11:08:23 PM
103 verbose etag "1020-EB2vabMErESK77LuEBc+gdZsiWo"
104 http request GET https://registry.npm.taobao.org/fs
105 verbose request uri https://registry.npm.taobao.org/gulp
106 verbose request no auth needed
107 info attempt registry request try #1 at 11:08:23 PM
108 verbose etag "20c81-h+SSI+iWuRSqWakiQ5snWZ2T1W0"
109 http request GET https://registry.npm.taobao.org/gulp
110 verbose request uri https://registry.npm.taobao.org/gulp-sass
111 verbose request no auth needed
112 info attempt registry request try #1 at 11:08:23 PM
113 verbose etag "10b16-3APpSV7aZ9QLZxaa0qZ7SgCsQps"
114 http request GET https://registry.npm.taobao.org/gulp-sass
115 verbose request uri https://registry.npm.taobao.org/jade
116 verbose request no auth needed
117 info attempt registry request try #1 at 11:08:23 PM
118 verbose etag "2cabb-wfeFOXbWz/8c1UBvW0lI91pMAR8"
119 http request GET https://registry.npm.taobao.org/jade
120 verbose request uri https://registry.npm.taobao.org/browser-sync
121 verbose request no auth needed
122 info attempt registry request try #1 at 11:08:23 PM
123 verbose etag "8d30e-zgOD6WS/wQzAcRHAro1FAdxBMf4"
124 http request GET https://registry.npm.taobao.org/browser-sync
125 verbose request uri https://registry.npm.taobao.org/morgan
126 verbose request no auth needed
127 info attempt registry request try #1 at 11:08:23 PM
128 verbose etag "de52-ZRA1yn8TCiuhjIVUUeZKUAXOEkc"
129 http request GET https://registry.npm.taobao.org/morgan
130 verbose request uri https://registry.npm.taobao.org/serve-favicon
131 verbose request no auth needed
132 info attempt registry request try #1 at 11:08:23 PM
133 verbose etag "a12e-DYUdErpJr2/DtC6VrLdzNYe+mj0"
134 http request GET https://registry.npm.taobao.org/serve-favicon
135 verbose request uri https://registry.npm.taobao.org/express
136 verbose request no auth needed
137 info attempt registry request try #1 at 11:08:23 PM
138 verbose etag "9ab4f-AAclJWb8cBdl6LjCiiMk6bifa6E"
139 http request GET https://registry.npm.taobao.org/express
140 verbose request uri https://registry.npm.taobao.org/serve-static
141 verbose request no auth needed
142 info attempt registry request try #1 at 11:08:23 PM
143 verbose etag "16a67-EMzbCII7ZcGnrW15xvwp9W5v738"
144 http request GET https://registry.npm.taobao.org/serve-static
145 verbose request uri https://registry.npm.taobao.org/mongodb
146 verbose request no auth needed
147 info attempt registry request try #1 at 11:08:23 PM
148 verbose etag "a5cd4-fIwm0bGbUSYeiV8HyaB1sxxU2Ow"
149 http request GET https://registry.npm.taobao.org/mongodb
150 verbose request uri https://registry.npm.taobao.org/mongoose
151 verbose request no auth needed
152 info attempt registry request try #1 at 11:08:23 PM
153 verbose etag "b6816-30rCGDVHx0OtymQry1R0OUk2tT0"
154 http request GET https://registry.npm.taobao.org/mongoose
155 http 304 https://registry.npm.taobao.org/serve-favicon
156 verbose headers { date: 'Thu, 28 Sep 2017 15:08:23 GMT',
156 verbose headers   connection: 'keep-alive',
156 verbose headers   'x-current-requests': '1',
156 verbose headers   etag: '"a12e-DYUdErpJr2/DtC6VrLdzNYe+mj0"',
156 verbose headers   'x-readtime': '26' }
157 silly get cb [ 304,
157 silly get   { date: 'Thu, 28 Sep 2017 15:08:23 GMT',
157 silly get     connection: 'keep-alive',
157 silly get     'x-current-requests': '1',
157 silly get     etag: '"a12e-DYUdErpJr2/DtC6VrLdzNYe+mj0"',
157 silly get     'x-readtime': '26' } ]
158 verbose etag https://registry.npm.taobao.org/serve-favicon from cache
159 verbose get saving serve-favicon to /Users/scott/.npm/registry.npm.taobao.org/serve-favicon/.cache.json
160 verbose correctMkdir /Users/scott/.npm correctMkdir not in flight; initializing
161 http 304 https://registry.npm.taobao.org/gulp-nodemon
162 verbose headers { date: 'Thu, 28 Sep 2017 15:08:23 GMT',
162 verbose headers   connection: 'keep-alive',
162 verbose headers   'x-current-requests': '1',
162 verbose headers   etag: '"9e78-UXOJx4FD1+9Ar8Zqc1v1qGkbV9Y"',
162 verbose headers   'x-readtime': '21' }
163 silly get cb [ 304,
163 silly get   { date: 'Thu, 28 Sep 2017 15:08:23 GMT',
163 silly get     connection: 'keep-alive',
163 silly get     'x-current-requests': '1',
163 silly get     etag: '"9e78-UXOJx4FD1+9Ar8Zqc1v1qGkbV9Y"',
163 silly get     'x-readtime': '21' } ]
164 verbose etag https://registry.npm.taobao.org/gulp-nodemon from cache
165 verbose get saving gulp-nodemon to /Users/scott/.npm/registry.npm.taobao.org/gulp-nodemon/.cache.json
166 verbose correctMkdir /Users/scott/.npm correctMkdir already in flight; waiting
167 http 304 https://registry.npm.taobao.org/cookie-parser
168 verbose headers { date: 'Thu, 28 Sep 2017 15:08:23 GMT',
168 verbose headers   connection: 'keep-alive',
168 verbose headers   'x-current-requests': '1',
168 verbose headers   etag: '"72f2-NtsT2RBVLIEgiOPUl3554s8RggA"',
168 verbose headers   'x-readtime': '22' }
169 silly get cb [ 304,
169 silly get   { date: 'Thu, 28 Sep 2017 15:08:23 GMT',
169 silly get     connection: 'keep-alive',
169 silly get     'x-current-requests': '1',
169 silly get     etag: '"72f2-NtsT2RBVLIEgiOPUl3554s8RggA"',
169 silly get     'x-readtime': '22' } ]
170 verbose etag https://registry.npm.taobao.org/cookie-parser from cache
171 verbose get saving cookie-parser to /Users/scott/.npm/registry.npm.taobao.org/cookie-parser/.cache.json
172 verbose correctMkdir /Users/scott/.npm correctMkdir already in flight; waiting
173 http 304 https://registry.npm.taobao.org/morgan
174 verbose headers { date: 'Thu, 28 Sep 2017 15:08:23 GMT',
174 verbose headers   connection: 'keep-alive',
174 verbose headers   'x-current-requests': '1',
174 verbose headers   etag: '"de52-ZRA1yn8TCiuhjIVUUeZKUAXOEkc"',
174 verbose headers   'x-readtime': '37' }
175 silly get cb [ 304,
175 silly get   { date: 'Thu, 28 Sep 2017 15:08:23 GMT',
175 silly get     connection: 'keep-alive',
175 silly get     'x-current-requests': '1',
175 silly get     etag: '"de52-ZRA1yn8TCiuhjIVUUeZKUAXOEkc"',
175 silly get     'x-readtime': '37' } ]
176 verbose etag https://registry.npm.taobao.org/morgan from cache
177 verbose get saving morgan to /Users/scott/.npm/registry.npm.taobao.org/morgan/.cache.json
178 verbose correctMkdir /Users/scott/.npm correctMkdir not in flight; initializing
179 http 304 https://registry.npm.taobao.org/body-parser
180 verbose headers { date: 'Thu, 28 Sep 2017 15:08:23 GMT',
180 verbose headers   connection: 'keep-alive',
180 verbose headers   'x-current-requests': '1',
180 verbose headers   etag: '"21ba2-maAFMBhEYq9h71JfFqyBe09xjXM"',
180 verbose headers   'x-readtime': '53' }
181 silly get cb [ 304,
181 silly get   { date: 'Thu, 28 Sep 2017 15:08:23 GMT',
181 silly get     connection: 'keep-alive',
181 silly get     'x-current-requests': '1',
181 silly get     etag: '"21ba2-maAFMBhEYq9h71JfFqyBe09xjXM"',
181 silly get     'x-readtime': '53' } ]
182 verbose etag https://registry.npm.taobao.org/body-parser from cache
183 verbose get saving body-parser to /Users/scott/.npm/registry.npm.taobao.org/body-parser/.cache.json
184 verbose correctMkdir /Users/scott/.npm correctMkdir not in flight; initializing
185 http 304 https://registry.npm.taobao.org/gulp-sass
186 verbose headers { date: 'Thu, 28 Sep 2017 15:08:23 GMT',
186 verbose headers   connection: 'keep-alive',
186 verbose headers   'x-current-requests': '1',
186 verbose headers   etag: '"10b16-3APpSV7aZ9QLZxaa0qZ7SgCsQps"',
186 verbose headers   'x-readtime': '45' }
187 silly get cb [ 304,
187 silly get   { date: 'Thu, 28 Sep 2017 15:08:23 GMT',
187 silly get     connection: 'keep-alive',
187 silly get     'x-current-requests': '1',
187 silly get     etag: '"10b16-3APpSV7aZ9QLZxaa0qZ7SgCsQps"',
187 silly get     'x-readtime': '45' } ]
188 verbose etag https://registry.npm.taobao.org/gulp-sass from cache
189 verbose get saving gulp-sass to /Users/scott/.npm/registry.npm.taobao.org/gulp-sass/.cache.json
190 verbose correctMkdir /Users/scott/.npm correctMkdir not in flight; initializing
191 http 304 https://registry.npm.taobao.org/serve-static
192 verbose headers { date: 'Thu, 28 Sep 2017 15:08:23 GMT',
192 verbose headers   connection: 'keep-alive',
192 verbose headers   'x-current-requests': '1',
192 verbose headers   etag: '"16a67-EMzbCII7ZcGnrW15xvwp9W5v738"',
192 verbose headers   'x-readtime': '28' }
193 silly get cb [ 304,
193 silly get   { date: 'Thu, 28 Sep 2017 15:08:23 GMT',
193 silly get     connection: 'keep-alive',
193 silly get     'x-current-requests': '1',
193 silly get     etag: '"16a67-EMzbCII7ZcGnrW15xvwp9W5v738"',
193 silly get     'x-readtime': '28' } ]
194 verbose etag https://registry.npm.taobao.org/serve-static from cache
195 verbose get saving serve-static to /Users/scott/.npm/registry.npm.taobao.org/serve-static/.cache.json
196 verbose correctMkdir /Users/scott/.npm correctMkdir not in flight; initializing
197 http 304 https://registry.npm.taobao.org/jade
198 verbose headers { date: 'Thu, 28 Sep 2017 15:08:23 GMT',
198 verbose headers   connection: 'keep-alive',
198 verbose headers   'x-current-requests': '1',
198 verbose headers   etag: '"2cabb-wfeFOXbWz/8c1UBvW0lI91pMAR8"',
198 verbose headers   'x-readtime': '49' }
199 silly get cb [ 304,
199 silly get   { date: 'Thu, 28 Sep 2017 15:08:23 GMT',
199 silly get     connection: 'keep-alive',
199 silly get     'x-current-requests': '1',
199 silly get     etag: '"2cabb-wfeFOXbWz/8c1UBvW0lI91pMAR8"',
199 silly get     'x-readtime': '49' } ]
200 verbose etag https://registry.npm.taobao.org/jade from cache
201 verbose get saving jade to /Users/scott/.npm/registry.npm.taobao.org/jade/.cache.json
202 verbose correctMkdir /Users/scott/.npm correctMkdir not in flight; initializing
203 http 304 https://registry.npm.taobao.org/debug
204 verbose headers { date: 'Thu, 28 Sep 2017 15:08:23 GMT',
204 verbose headers   connection: 'keep-alive',
204 verbose headers   'x-current-requests': '1',
204 verbose headers   etag: '"1bf76-6yoiNBd+TkoMIeeBEp9ZCMjOR6Q"',
204 verbose headers   'x-readtime': '42' }
205 silly get cb [ 304,
205 silly get   { date: 'Thu, 28 Sep 2017 15:08:23 GMT',
205 silly get     connection: 'keep-alive',
205 silly get     'x-current-requests': '1',
205 silly get     etag: '"1bf76-6yoiNBd+TkoMIeeBEp9ZCMjOR6Q"',
205 silly get     'x-readtime': '42' } ]
206 verbose etag https://registry.npm.taobao.org/debug from cache
207 verbose get saving debug to /Users/scott/.npm/registry.npm.taobao.org/debug/.cache.json
208 verbose correctMkdir /Users/scott/.npm correctMkdir not in flight; initializing
209 http 304 https://registry.npm.taobao.org/gulp
210 verbose headers { date: 'Thu, 28 Sep 2017 15:08:23 GMT',
210 verbose headers   connection: 'keep-alive',
210 verbose headers   'x-current-requests': '1',
210 verbose headers   etag: '"20c81-h+SSI+iWuRSqWakiQ5snWZ2T1W0"',
210 verbose headers   'x-readtime': '77' }
211 silly get cb [ 304,
211 silly get   { date: 'Thu, 28 Sep 2017 15:08:23 GMT',
211 silly get     connection: 'keep-alive',
211 silly get     'x-current-requests': '1',
211 silly get     etag: '"20c81-h+SSI+iWuRSqWakiQ5snWZ2T1W0"',
211 silly get     'x-readtime': '77' } ]
212 verbose etag https://registry.npm.taobao.org/gulp from cache
213 verbose get saving gulp to /Users/scott/.npm/registry.npm.taobao.org/gulp/.cache.json
214 verbose correctMkdir /Users/scott/.npm correctMkdir not in flight; initializing
215 http 304 https://registry.npm.taobao.org/mongoose
216 verbose headers { date: 'Thu, 28 Sep 2017 15:08:23 GMT',
216 verbose headers   connection: 'keep-alive',
216 verbose headers   'x-current-requests': '1',
216 verbose headers   etag: '"b6816-30rCGDVHx0OtymQry1R0OUk2tT0"',
216 verbose headers   'x-readtime': '111' }
217 silly get cb [ 304,
217 silly get   { date: 'Thu, 28 Sep 2017 15:08:23 GMT',
217 silly get     connection: 'keep-alive',
217 silly get     'x-current-requests': '1',
217 silly get     etag: '"b6816-30rCGDVHx0OtymQry1R0OUk2tT0"',
217 silly get     'x-readtime': '111' } ]
218 verbose etag https://registry.npm.taobao.org/mongoose from cache
219 verbose get saving mongoose to /Users/scott/.npm/registry.npm.taobao.org/mongoose/.cache.json
220 verbose correctMkdir /Users/scott/.npm correctMkdir not in flight; initializing
221 http 304 https://registry.npm.taobao.org/fs
222 verbose headers { date: 'Thu, 28 Sep 2017 15:08:23 GMT',
222 verbose headers   connection: 'keep-alive',
222 verbose headers   'x-current-requests': '1',
222 verbose headers   etag: '"1020-EB2vabMErESK77LuEBc+gdZsiWo"',
222 verbose headers   'x-readtime': '15' }
223 silly get cb [ 304,
223 silly get   { date: 'Thu, 28 Sep 2017 15:08:23 GMT',
223 silly get     connection: 'keep-alive',
223 silly get     'x-current-requests': '1',
223 silly get     etag: '"1020-EB2vabMErESK77LuEBc+gdZsiWo"',
223 silly get     'x-readtime': '15' } ]
224 verbose etag https://registry.npm.taobao.org/fs from cache
225 verbose get saving fs to /Users/scott/.npm/registry.npm.taobao.org/fs/.cache.json
226 verbose correctMkdir /Users/scott/.npm correctMkdir not in flight; initializing
227 http 304 https://registry.npm.taobao.org/mongodb
228 verbose headers { date: 'Thu, 28 Sep 2017 15:08:23 GMT',
228 verbose headers   connection: 'keep-alive',
228 verbose headers   'x-current-requests': '1',
228 verbose headers   etag: '"a5cd4-fIwm0bGbUSYeiV8HyaB1sxxU2Ow"',
228 verbose headers   'x-readtime': '129' }
229 silly get cb [ 304,
229 silly get   { date: 'Thu, 28 Sep 2017 15:08:23 GMT',
229 silly get     connection: 'keep-alive',
229 silly get     'x-current-requests': '1',
229 silly get     etag: '"a5cd4-fIwm0bGbUSYeiV8HyaB1sxxU2Ow"',
229 silly get     'x-readtime': '129' } ]
230 verbose etag https://registry.npm.taobao.org/mongodb from cache
231 verbose get saving mongodb to /Users/scott/.npm/registry.npm.taobao.org/mongodb/.cache.json
232 verbose correctMkdir /Users/scott/.npm correctMkdir not in flight; initializing
233 http 304 https://registry.npm.taobao.org/browser-sync
234 verbose headers { date: 'Thu, 28 Sep 2017 15:08:23 GMT',
234 verbose headers   connection: 'keep-alive',
234 verbose headers   'x-current-requests': '1',
234 verbose headers   etag: '"8d30e-zgOD6WS/wQzAcRHAro1FAdxBMf4"',
234 verbose headers   'x-readtime': '148' }
235 silly get cb [ 304,
235 silly get   { date: 'Thu, 28 Sep 2017 15:08:23 GMT',
235 silly get     connection: 'keep-alive',
235 silly get     'x-current-requests': '1',
235 silly get     etag: '"8d30e-zgOD6WS/wQzAcRHAro1FAdxBMf4"',
235 silly get     'x-readtime': '148' } ]
236 verbose etag https://registry.npm.taobao.org/browser-sync from cache
237 verbose get saving browser-sync to /Users/scott/.npm/registry.npm.taobao.org/browser-sync/.cache.json
238 verbose correctMkdir /Users/scott/.npm correctMkdir not in flight; initializing
239 http 304 https://registry.npm.taobao.org/express
240 verbose headers { date: 'Thu, 28 Sep 2017 15:08:23 GMT',
240 verbose headers   connection: 'keep-alive',
240 verbose headers   'x-current-requests': '1',
240 verbose headers   etag: '"9ab4f-AAclJWb8cBdl6LjCiiMk6bifa6E"',
240 verbose headers   'x-readtime': '170' }
241 silly get cb [ 304,
241 silly get   { date: 'Thu, 28 Sep 2017 15:08:23 GMT',
241 silly get     connection: 'keep-alive',
241 silly get     'x-current-requests': '1',
241 silly get     etag: '"9ab4f-AAclJWb8cBdl6LjCiiMk6bifa6E"',
241 silly get     'x-readtime': '170' } ]
242 verbose etag https://registry.npm.taobao.org/express from cache
243 verbose get saving express to /Users/scott/.npm/registry.npm.taobao.org/express/.cache.json
244 verbose correctMkdir /Users/scott/.npm correctMkdir not in flight; initializing
245 verbose outdated not updating body-parser because it's currently at the maximum version that matches its specified semver range
246 verbose outdated not updating morgan because it's currently at the maximum version that matches its specified semver range
247 info outdated updating [ { dep:
247 info outdated      Node {
247 info outdated        id: 105,
247 info outdated        package: [Object],
247 info outdated        path: '/Users/scott/projects/ubuntu/express/node_modules/debug',
247 info outdated        realpath: '/Users/scott/projects/ubuntu/express/node_modules/debug',
247 info outdated        parent: [Object],
247 info outdated        isLink: false,
247 info outdated        children: [Object],
247 info outdated        error: null,
247 info outdated        loaded: false,
247 info outdated        requiredBy: [Object],
247 info outdated        requires: [Object],
247 info outdated        missingDeps: {},
247 info outdated        missingDevDeps: {},
247 info outdated        phantomChildren: {},
247 info outdated        location: '/debug',
247 info outdated        userRequired: false,
247 info outdated        existing: false,
247 info outdated        isTop: false,
247 info outdated        resolved: [Object] },
247 info outdated     depname: 'debug',
247 info outdated     current: '2.6.8',
247 info outdated     wanted: '2.6.9',
247 info outdated     latest: '3.1.0',
247 info outdated     req: '~2.6.3',
247 info outdated     what: 'debug@2.6.9' },
247 info outdated   { dep:
247 info outdated      Node {
247 info outdated        id: 140,
247 info outdated        package: [Object],
247 info outdated        path: '/Users/scott/projects/ubuntu/express/node_modules/express',
247 info outdated        realpath: '/Users/scott/projects/ubuntu/express/node_modules/express',
247 info outdated        parent: [Object],
247 info outdated        isLink: false,
247 info outdated        children: [Object],
247 info outdated        error: null,
247 info outdated        loaded: false,
247 info outdated        requiredBy: [Object],
247 info outdated        requires: [Object],
247 info outdated        missingDeps: {},
247 info outdated        missingDevDeps: {},
247 info outdated        phantomChildren: {},
247 info outdated        location: '/express',
247 info outdated        userRequired: false,
247 info outdated        existing: false,
247 info outdated        isTop: false,
247 info outdated        resolved: [Object] },
247 info outdated     depname: 'express',
247 info outdated     current: '4.15.4',
247 info outdated     wanted: '4.15.5',
247 info outdated     latest: '4.15.5',
247 info outdated     req: '~4.15.2',
247 info outdated     what: 'express@4.15.5' },
247 info outdated   { dep:
247 info outdated      Node {
247 info outdated        id: 317,
247 info outdated        package: [Object],
247 info outdated        path: '/Users/scott/projects/ubuntu/express/node_modules/mongoose',
247 info outdated        realpath: '/Users/scott/projects/ubuntu/express/node_modules/mongoose',
247 info outdated        parent: [Object],
247 info outdated        isLink: false,
247 info outdated        children: [Object],
247 info outdated        error: null,
247 info outdated        loaded: false,
247 info outdated        requiredBy: [Object],
247 info outdated        requires: [Object],
247 info outdated        missingDeps: {},
247 info outdated        missingDevDeps: {},
247 info outdated        phantomChildren: {},
247 info outdated        location: '/mongoose',
247 info outdated        userRequired: false,
247 info outdated        existing: false,
247 info outdated        isTop: false,
247 info outdated        resolved: [Object] },
247 info outdated     depname: 'mongoose',
247 info outdated     current: '4.11.11',
247 info outdated     wanted: '4.11.13',
247 info outdated     latest: '4.11.13',
247 info outdated     req: '^4.11.8',
247 info outdated     what: 'mongoose@4.11.13' },
247 info outdated   { dep:
247 info outdated      Node {
247 info outdated        id: 421,
247 info outdated        package: [Object],
247 info outdated        path: '/Users/scott/projects/ubuntu/express/node_modules/serve-favicon',
247 info outdated        realpath: '/Users/scott/projects/ubuntu/express/node_modules/serve-favicon',
247 info outdated        parent: [Object],
247 info outdated        isLink: false,
247 info outdated        children: [Object],
247 info outdated        error: null,
247 info outdated        loaded: false,
247 info outdated        requiredBy: [Object],
247 info outdated        requires: [Object],
247 info outdated        missingDeps: {},
247 info outdated        missingDevDeps: {},
247 info outdated        phantomChildren: {},
247 info outdated        location: '/serve-favicon',
247 info outdated        userRequired: false,
247 info outdated        existing: false,
247 info outdated        isTop: false,
247 info outdated        resolved: [Object] },
247 info outdated     depname: 'serve-favicon',
247 info outdated     current: '2.4.4',
247 info outdated     wanted: '2.4.5',
247 info outdated     latest: '2.4.5',
247 info outdated     req: '~2.4.2',
247 info outdated     what: 'serve-favicon@2.4.5' },
247 info outdated   { dep:
247 info outdated      Node {
247 info outdated        id: 422,
247 info outdated        package: [Object],
247 info outdated        path: '/Users/scott/projects/ubuntu/express/node_modules/serve-index',
247 info outdated        realpath: '/Users/scott/projects/ubuntu/express/node_modules/serve-index',
247 info outdated        parent: [Object],
247 info outdated        isLink: false,
247 info outdated        children: [Object],
247 info outdated        error: null,
247 info outdated        loaded: false,
247 info outdated        requiredBy: [Object],
247 info outdated        requires: [Object],
247 info outdated        missingDeps: {},
247 info outdated        missingDevDeps: {},
247 info outdated        phantomChildren: {},
247 info outdated        location: '/serve-index',
247 info outdated        userRequired: false,
247 info outdated        existing: false,
247 info outdated        isTop: false,
247 info outdated        resolved: [Object] },
247 info outdated     depname: 'serve-index',
247 info outdated     current: '1.9.0',
247 info outdated     wanted: 'git',
247 info outdated     latest: 'git',
247 info outdated     req: 'github:wooodhead/serve-index',
247 info outdated     what: 'serve-index@git' },
247 info outdated   { dep:
247 info outdated      Node {
247 info outdated        id: 423,
247 info outdated        package: [Object],
247 info outdated        path: '/Users/scott/projects/ubuntu/express/node_modules/serve-static',
247 info outdated        realpath: '/Users/scott/projects/ubuntu/express/node_modules/serve-static',
247 info outdated        parent: [Object],
247 info outdated        isLink: false,
247 info outdated        children: [Object],
247 info outdated        error: null,
247 info outdated        loaded: false,
247 info outdated        requiredBy: [Object],
247 info outdated        requires: [Object],
247 info outdated        missingDeps: {},
247 info outdated        missingDevDeps: {},
247 info outdated        phantomChildren: {},
247 info outdated        location: '/serve-static',
247 info outdated        userRequired: false,
247 info outdated        existing: false,
247 info outdated        isTop: false,
247 info outdated        resolved: [Object] },
247 info outdated     depname: 'serve-static',
247 info outdated     current: '1.12.4',
247 info outdated     wanted: '1.13.0',
247 info outdated     latest: '1.13.0',
247 info outdated     req: '^1.12.3',
247 info outdated     what: 'serve-static@1.13.0' } ]
248 silly loadCurrentTree Starting
249 silly install loadCurrentTree
250 silly install readLocalPackageData
251 silly fetchPackageMetaData debug@2.6.9
252 silly fetchPackageMetaData express@4.15.5
253 silly fetchPackageMetaData mongoose@4.11.13
254 silly fetchPackageMetaData serve-favicon@2.4.5
255 silly fetchPackageMetaData github:wooodhead/serve-index
256 silly fetchPackageMetaData serve-static@1.13.0
257 silly fetchNamedPackageData debug
258 silly mapToRegistry name debug
259 silly mapToRegistry using default registry
260 silly mapToRegistry registry https://registry.npm.taobao.org/
261 silly mapToRegistry data Result {
261 silly mapToRegistry   raw: 'debug',
261 silly mapToRegistry   scope: null,
261 silly mapToRegistry   escapedName: 'debug',
261 silly mapToRegistry   name: 'debug',
261 silly mapToRegistry   rawSpec: '',
261 silly mapToRegistry   spec: 'latest',
261 silly mapToRegistry   type: 'tag' }
262 silly mapToRegistry uri https://registry.npm.taobao.org/debug
263 silly fetchNamedPackageData express
264 silly mapToRegistry name express
265 silly mapToRegistry using default registry
266 silly mapToRegistry registry https://registry.npm.taobao.org/
267 silly mapToRegistry data Result {
267 silly mapToRegistry   raw: 'express',
267 silly mapToRegistry   scope: null,
267 silly mapToRegistry   escapedName: 'express',
267 silly mapToRegistry   name: 'express',
267 silly mapToRegistry   rawSpec: '',
267 silly mapToRegistry   spec: 'latest',
267 silly mapToRegistry   type: 'tag' }
268 silly mapToRegistry uri https://registry.npm.taobao.org/express
269 silly fetchNamedPackageData mongoose
270 silly mapToRegistry name mongoose
271 silly mapToRegistry using default registry
272 silly mapToRegistry registry https://registry.npm.taobao.org/
273 silly mapToRegistry data Result {
273 silly mapToRegistry   raw: 'mongoose',
273 silly mapToRegistry   scope: null,
273 silly mapToRegistry   escapedName: 'mongoose',
273 silly mapToRegistry   name: 'mongoose',
273 silly mapToRegistry   rawSpec: '',
273 silly mapToRegistry   spec: 'latest',
273 silly mapToRegistry   type: 'tag' }
274 silly mapToRegistry uri https://registry.npm.taobao.org/mongoose
275 silly fetchNamedPackageData serve-favicon
276 silly mapToRegistry name serve-favicon
277 silly mapToRegistry using default registry
278 silly mapToRegistry registry https://registry.npm.taobao.org/
279 silly mapToRegistry data Result {
279 silly mapToRegistry   raw: 'serve-favicon',
279 silly mapToRegistry   scope: null,
279 silly mapToRegistry   escapedName: 'serve-favicon',
279 silly mapToRegistry   name: 'serve-favicon',
279 silly mapToRegistry   rawSpec: '',
279 silly mapToRegistry   spec: 'latest',
279 silly mapToRegistry   type: 'tag' }
280 silly mapToRegistry uri https://registry.npm.taobao.org/serve-favicon
281 silly fetchNamedPackageData serve-static
282 silly mapToRegistry name serve-static
283 silly mapToRegistry using default registry
284 silly mapToRegistry registry https://registry.npm.taobao.org/
285 silly mapToRegistry data Result {
285 silly mapToRegistry   raw: 'serve-static',
285 silly mapToRegistry   scope: null,
285 silly mapToRegistry   escapedName: 'serve-static',
285 silly mapToRegistry   name: 'serve-static',
285 silly mapToRegistry   rawSpec: '',
285 silly mapToRegistry   spec: 'latest',
285 silly mapToRegistry   type: 'tag' }
286 silly mapToRegistry uri https://registry.npm.taobao.org/serve-static
287 silly fetchOtherPackageData github:wooodhead/serve-index
288 silly cache add args [ 'github:wooodhead/serve-index', null ]
289 verbose cache add spec github:wooodhead/serve-index
290 silly cache add parsed spec Result {
290 silly cache add   raw: 'github:wooodhead/serve-index',
290 silly cache add   scope: null,
290 silly cache add   escapedName: null,
290 silly cache add   name: null,
290 silly cache add   rawSpec: 'github:wooodhead/serve-index',
290 silly cache add   spec: 'github:wooodhead/serve-index',
290 silly cache add   type: 'hosted',
290 silly cache add   hosted:
290 silly cache add    { type: 'github',
290 silly cache add      ssh: 'git@github.com:wooodhead/serve-index.git',
290 silly cache add      sshUrl: 'git+ssh://git@github.com/wooodhead/serve-index.git',
290 silly cache add      httpsUrl: 'git+https://github.com/wooodhead/serve-index.git',
290 silly cache add      gitUrl: 'git://github.com/wooodhead/serve-index.git',
290 silly cache add      shortcut: 'github:wooodhead/serve-index',
290 silly cache add      directUrl: 'https://raw.githubusercontent.com/wooodhead/serve-index/master/package.json' } }
291 verbose addRemoteGit caching github:wooodhead/serve-index
292 verbose addRemoteGit wooodhead/serve-index is a repository hosted by github
293 silly tryGitProto attempting to clone git://github.com/wooodhead/serve-index.git
294 silly tryClone cloning wooodhead/serve-index via git://github.com/wooodhead/serve-index.git
295 verbose tryClone git-github-com-wooodhead-serve-index-git-18fbbeb2 not in flight; caching
296 verbose correctMkdir /Users/scott/.npm/_git-remotes correctMkdir not in flight; initializing
297 verbose get https://registry.npm.taobao.org/debug not expired, no request
298 verbose get https://registry.npm.taobao.org/mongoose not expired, no request
299 verbose get https://registry.npm.taobao.org/express not expired, no request
300 verbose get https://registry.npm.taobao.org/serve-favicon not expired, no request
301 verbose get https://registry.npm.taobao.org/serve-static not expired, no request
302 info git [ 'config', '--get', 'remote.origin.url' ]
303 silly validateExistingRemote wooodhead/serve-index remote.origin.url: git://github.com/wooodhead/serve-index.git
304 verbose validateExistingRemote wooodhead/serve-index is updating existing cached remote /Users/scott/.npm/_git-remotes/git-github-com-wooodhead-serve-index-git-18fbbeb2
305 info git [ 'fetch', '-a', 'origin' ]
306 verbose updateRemote git fetch -a origin (git://github.com/wooodhead/serve-index.git)
307 verbose correctMkdir /Users/scott/.npm/_git-remotes correctMkdir not in flight; initializing
308 verbose setPermissions wooodhead/serve-index set permissions on /Users/scott/.npm/_git-remotes/git-github-com-wooodhead-serve-index-git-18fbbeb2
309 verbose resolveHead wooodhead/serve-index original treeish: master
310 info git [ 'rev-list', '-n1', 'master' ]
311 silly resolveHead wooodhead/serve-index resolved treeish: 3f533f82342991a75fc4d198bf0fb173ea7d5172
312 verbose resolveHead wooodhead/serve-index resolved Git URL: git://github.com/wooodhead/serve-index.git#3f533f82342991a75fc4d198bf0fb173ea7d5172
313 silly resolveHead Git working directory: /var/folders/3d/_svlj65j28lbz3z5qs4_g3fm0000gn/T/npm-82674-a595c8ed/git-cache-11218cb4/3f533f82342991a75fc4d198bf0fb173ea7d5172
314 info git [ 'clone',
314 info git   '/Users/scott/.npm/_git-remotes/git-github-com-wooodhead-serve-index-git-18fbbeb2',
314 info git   '/var/folders/3d/_svlj65j28lbz3z5qs4_g3fm0000gn/T/npm-82674-a595c8ed/git-cache-11218cb4/3f533f82342991a75fc4d198bf0fb173ea7d5172' ]
315 verbose cloneResolved wooodhead/serve-index clone Cloning into '/var/folders/3d/_svlj65j28lbz3z5qs4_g3fm0000gn/T/npm-82674-a595c8ed/git-cache-11218cb4/3f533f82342991a75fc4d198bf0fb173ea7d5172'...
315 verbose cloneResolved done.
316 info git [ 'checkout', '3f533f82342991a75fc4d198bf0fb173ea7d5172' ]
317 verbose checkoutTreeish wooodhead/serve-index checkout Note: checking out '3f533f82342991a75fc4d198bf0fb173ea7d5172'.
317 verbose checkoutTreeish
317 verbose checkoutTreeish You are in 'detached HEAD' state. You can look around, make experimental
317 verbose checkoutTreeish changes and commit them, and you can discard any commits you make in this
317 verbose checkoutTreeish state without impacting any branches by performing another checkout.
317 verbose checkoutTreeish
317 verbose checkoutTreeish If you want to create a new branch to retain commits you create, you may
317 verbose checkoutTreeish do so (now or later) by using -b with the checkout command again. Example:
317 verbose checkoutTreeish
317 verbose checkoutTreeish   git checkout -b <new-branch-name>
317 verbose checkoutTreeish
317 verbose checkoutTreeish HEAD is now at 3f533f8... remove log
318 info git [ 'submodule', '-q', 'update', '--init', '--recursive' ]
319 verbose updateSubmodules wooodhead/serve-index submodule update
320 verbose addLocalDirectory /Users/scott/.npm/serve-index/1.9.0/package.tgz not in flight; packing
321 verbose correctMkdir /Users/scott/.npm correctMkdir not in flight; initializing
322 verbose tar pack [ '/Users/scott/.npm/serve-index/1.9.0/package.tgz',
322 verbose tar pack   '/var/folders/3d/_svlj65j28lbz3z5qs4_g3fm0000gn/T/npm-82674-a595c8ed/git-cache-11218cb4/3f533f82342991a75fc4d198bf0fb173ea7d5172' ]
323 verbose tarball /Users/scott/.npm/serve-index/1.9.0/package.tgz
324 verbose folder /var/folders/3d/_svlj65j28lbz3z5qs4_g3fm0000gn/T/npm-82674-a595c8ed/git-cache-11218cb4/3f533f82342991a75fc4d198bf0fb173ea7d5172
325 verbose addLocalTarball adding from inside cache /Users/scott/.npm/serve-index/1.9.0/package.tgz
326 verbose correctMkdir /Users/scott/.npm correctMkdir not in flight; initializing
327 verbose addRemoteGit data._from: wooodhead/serve-index
328 verbose addRemoteGit data._resolved: git://github.com/wooodhead/serve-index.git#3f533f82342991a75fc4d198bf0fb173ea7d5172
329 silly cache afterAdd serve-index@1.9.0
330 verbose afterAdd /Users/scott/.npm/serve-index/1.9.0/package/package.json not in flight; writing
331 verbose correctMkdir /Users/scott/.npm correctMkdir not in flight; initializing
332 verbose afterAdd /Users/scott/.npm/serve-index/1.9.0/package/package.json written
333 silly install normalizeTree
334 silly loadCurrentTree Finishing
335 silly loadIdealTree Starting
336 silly install loadIdealTree
337 silly cloneCurrentTree Starting
338 silly install cloneCurrentTreeToIdealTree
339 silly cloneCurrentTree Finishing
340 silly loadShrinkwrap Starting
341 silly install loadShrinkwrap
342 silly loadShrinkwrap Finishing
343 silly loadAllDepsIntoIdealTree Starting
344 silly install loadAllDepsIntoIdealTree
345 silly rollbackFailedOptional Starting
346 silly rollbackFailedOptional Finishing
347 silly runTopLevelLifecycles Finishing
348 silly install printInstalled
349 verbose stack Error: Refusing to install express as a dependency of itself
349 verbose stack     at checkSelf (/Users/scott/.nvm/versions/node/v6.10.2/lib/node_modules/npm/lib/install/validate-args.js:53:14)
349 verbose stack     at Array.<anonymous> (/Users/scott/.nvm/versions/node/v6.10.2/lib/node_modules/npm/node_modules/slide/lib/bind-actor.js:15:8)
349 verbose stack     at LOOP (/Users/scott/.nvm/versions/node/v6.10.2/lib/node_modules/npm/node_modules/slide/lib/chain.js:15:14)
349 verbose stack     at chain (/Users/scott/.nvm/versions/node/v6.10.2/lib/node_modules/npm/node_modules/slide/lib/chain.js:20:5)
349 verbose stack     at /Users/scott/.nvm/versions/node/v6.10.2/lib/node_modules/npm/lib/install/validate-args.js:16:5
349 verbose stack     at /Users/scott/.nvm/versions/node/v6.10.2/lib/node_modules/npm/node_modules/slide/lib/async-map.js:52:35
349 verbose stack     at Array.forEach (native)
349 verbose stack     at /Users/scott/.nvm/versions/node/v6.10.2/lib/node_modules/npm/node_modules/slide/lib/async-map.js:52:11
349 verbose stack     at Array.forEach (native)
349 verbose stack     at asyncMap (/Users/scott/.nvm/versions/node/v6.10.2/lib/node_modules/npm/node_modules/slide/lib/async-map.js:51:8)
350 verbose cwd /Users/scott/projects/ubuntu/express
351 error Darwin 17.0.0
352 error argv "/Users/scott/.nvm/versions/node/v6.10.2/bin/node" "/Users/scott/.nvm/versions/node/v6.10.2/bin/npm" "update"
353 error node v6.10.2
354 error npm  v3.10.10
355 error code ENOSELF
356 error Refusing to install express as a dependency of itself
357 error If you need help, you may report this error at:
357 error     <https://github.com/npm/npm/issues>
358 verbose exit [ 1, true ]
